<?xml version="1.0" encoding="UTF-8"?>
<!-- Generated by org.testng.reporters.JUnitXMLReporter -->
<testsuite hostname="KENAN" ignored="1" name="Test" tests="2" failures="1" timestamp="16 Oct 2017 10:47:33 GMT" time="84.455" errors="0">
  <testcase name="test1" time="32.829" classname="main.Test3"/>
  <testcase name="test2" time="47.865" classname="main.Test3">
    <failure type="org.openqa.selenium.ElementNotInteractableException" message="
Build info: version: &amp;apos;3.5.3&amp;apos;, revision: &amp;apos;a88d25fe6b&amp;apos;, time: &amp;apos;2017-08-29T12:42:44.417Z&amp;apos;
System info: host: &amp;apos;KENAN&amp;apos;, ip: &amp;apos;192.168.90.169&amp;apos;, os.name: &amp;apos;Windows 10&amp;apos;, os.arch: &amp;apos;amd64&amp;apos;, os.version: &amp;apos;10.0&amp;apos;, java.version: &amp;apos;1.8.0_121&amp;apos;
Driver info: org.openqa.selenium.firefox.FirefoxDriver
Capabilities [{moz:profile=C:\Users\kenan.rizvanovic\AppData\Local\Temp\rust_mozprofile.SLxQ2xJrUHs8, rotatable=false, timeouts={implicit=0, pageLoad=300000, script=30000}, pageLoadStrategy=normal, moz:headless=false, platform=XP, specificationLevel=0, moz:accessibilityChecks=false, acceptInsecureCerts=false, browserVersion=56.0.1, platformVersion=10.0, moz:processID=3416, browserName=firefox, javascriptEnabled=true, platformName=XP}]
Session ID: 344cccfd-3e8d-472e-98ce-361cc57b805b">
      <![CDATA[org.openqa.selenium.ElementNotInteractableException: 
Build info: version: '3.5.3', revision: 'a88d25fe6b', time: '2017-08-29T12:42:44.417Z'
System info: host: 'KENAN', ip: '192.168.90.169', os.name: 'Windows 10', os.arch: 'amd64', os.version: '10.0', java.version: '1.8.0_121'
Driver info: org.openqa.selenium.firefox.FirefoxDriver
Capabilities [{moz:profile=C:\Users\kenan.rizvanovic\AppData\Local\Temp\rust_mozprofile.SLxQ2xJrUHs8, rotatable=false, timeouts={implicit=0, pageLoad=300000, script=30000}, pageLoadStrategy=normal, moz:headless=false, platform=XP, specificationLevel=0, moz:accessibilityChecks=false, acceptInsecureCerts=false, browserVersion=56.0.1, platformVersion=10.0, moz:processID=3416, browserName=firefox, javascriptEnabled=true, platformName=XP}]
Session ID: 344cccfd-3e8d-472e-98ce-361cc57b805b
	at org.openqa.selenium.remote.http.W3CHttpResponseCodec.createException(W3CHttpResponseCodec.java:185)
	at org.openqa.selenium.remote.http.W3CHttpResponseCodec.decode(W3CHttpResponseCodec.java:120)
	at org.openqa.selenium.remote.http.W3CHttpResponseCodec.decode(W3CHttpResponseCodec.java:49)
	at org.openqa.selenium.remote.HttpCommandExecutor.execute(HttpCommandExecutor.java:164)
	at org.openqa.selenium.remote.service.DriverCommandExecutor.execute(DriverCommandExecutor.java:82)
	at org.openqa.selenium.remote.RemoteWebDriver.execute(RemoteWebDriver.java:646)
	at org.openqa.selenium.remote.RemoteWebElement.execute(RemoteWebElement.java:275)
	at org.openqa.selenium.remote.RemoteWebElement.click(RemoteWebElement.java:82)
	at main.Test3.test2(Test3.java:138)
... Removed 32 stack frames]]>
    </failure>
  </testcase> <!-- test2 -->
  <testcase name="searchTest" time="0.0" classname="main.Test3">
    <ignored/>
  </testcase> <!-- searchTest -->
</testsuite> <!-- Test -->
