<?xml version="1.0" encoding="UTF-8"?>
<testsuite xmlns:xsi="http://www.w3.org/2001/XMLSchema-instance" xsi:noNamespaceSchemaLocation="https://maven.apache.org/surefire/maven-surefire-plugin/xsd/surefire-test-report.xsd" name="TestSuite" time="84.761" tests="2" errors="0" skipped="0" failures="1">
  <properties>
[...]
</properties>
  <testcase name="test1" classname="main.Test3" time="32.828"/>
  <testcase name="test2" classname="main.Test3" time="47.874">
    <failure message="&#10;Build info: version: &apos;3.5.3&apos;, revision: &apos;a88d25fe6b&apos;, time: &apos;2017-08-29T12:42:44.417Z&apos;&#10;System info: host: &apos;KENAN&apos;, ip: &apos;192.168.90.169&apos;, os.name: &apos;Windows 10&apos;, os.arch: &apos;amd64&apos;, os.version: &apos;10.0&apos;, java.version: &apos;1.8.0_121&apos;&#10;Driver info: org.openqa.selenium.firefox.FirefoxDriver&#10;Capabilities [{moz:profile=C:\Users\kenan.rizvanovic\AppData\Local\Temp\rust_mozprofile.SLxQ2xJrUHs8, rotatable=false, timeouts={implicit=0, pageLoad=300000, script=30000}, pageLoadStrategy=normal, moz:headless=false, platform=XP, specificationLevel=0, moz:accessibilityChecks=false, acceptInsecureCerts=false, browserVersion=56.0.1, platformVersion=10.0, moz:processID=3416, browserName=firefox, javascriptEnabled=true, platformName=XP}]&#10;Session ID: 344cccfd-3e8d-472e-98ce-361cc57b805b" type="org.openqa.selenium.ElementNotInteractableException">org.openqa.selenium.ElementNotInteractableException: 

Build info: version: '3.5.3', revision: 'a88d25fe6b', time: '2017-08-29T12:42:44.417Z'
System info: host: 'KENAN', ip: '192.168.90.169', os.name: 'Windows 10', os.arch: 'amd64', os.version: '10.0', java.version: '1.8.0_121'
Driver info: org.openqa.selenium.firefox.FirefoxDriver
Capabilities [{moz:profile=C:\Users\kenan.rizvanovic\AppData\Local\Temp\rust_mozprofile.SLxQ2xJrUHs8, rotatable=false, timeouts={implicit=0, pageLoad=300000, script=30000}, pageLoadStrategy=normal, moz:headless=false, platform=XP, specificationLevel=0, moz:accessibilityChecks=false, acceptInsecureCerts=false, browserVersion=56.0.1, platformVersion=10.0, moz:processID=3416, browserName=firefox, javascriptEnabled=true, platformName=XP}]
Session ID: 344cccfd-3e8d-472e-98ce-361cc57b805b
	at main.Test3.test2(Test3.java:138)
</failure>
    <system-out><![CDATA[index
]]></system-out>
    <system-err><![CDATA[1508150804845	Marionette	DEBUG	Received DOM event "beforeunload" for "http://www.uat.akdmc.com/booking/index"
1508150805386	Marionette	DEBUG	Received DOM event "pagehide" for "http://www.uat.akdmc.com/booking/index"
1508150805391	Marionette	DEBUG	Received DOM event "unload" for "http://www.uat.akdmc.com/booking/index"
1508150805395	Marionette	DEBUG	Received observer notification "outer-window-destroyed" for "4294967318"
1508150806184	Marionette	DEBUG	Received observer notification "outer-window-destroyed" for "4294967325"
1508150806184	Marionette	DEBUG	Received observer notification "outer-window-destroyed" for "4294967322"
1508150806184	Marionette	DEBUG	Received observer notification "outer-window-destroyed" for "4294967320"
1508150806185	Marionette	DEBUG	Received observer notification "outer-window-destroyed" for "4294967327"
1508150828418	Marionette	DEBUG	Received DOM event "DOMContentLoaded" for "http://www.uat.akdmc.com/umbraco"
1508150843008	Marionette	DEBUG	Received DOM event "pageshow" for "http://www.uat.akdmc.com/umbraco#/login/false?returnPath=%252Fumbraco"
1508150843369	Marionette	DEBUG	Canceled page load listener because no navigation has been detected
1508150848106	Marionette	DEBUG	Received observer notification "outer-window-destroyed" for "4294967333"
1508150848408	Marionette	DEBUG	Canceled page load listener because no navigation has been detected
1508150850667	Marionette	DEBUG	Canceled page load listener because no navigation has been detected
]]></system-err>
  </testcase>
</testsuite>