<?xml version="1.0" encoding="UTF-8"?>
<testng-results skipped="0" failed="0" ignored="0" total="1" passed="1">
  <reporter-output>
  </reporter-output>
  <suite name="Suite" duration-ms="24394" started-at="2017-10-12T08:34:01Z" finished-at="2017-10-12T08:34:25Z">
    <groups>
    </groups>
    <test name="Test" duration-ms="24394" started-at="2017-10-12T08:34:01Z" finished-at="2017-10-12T08:34:25Z">
      <class name="main.Test2">
        <test-method status="PASS" signature="setUp(java.lang.String)[pri:0, instance:main.Test2@6e1ec318]" name="setUp" is-config="true" duration-ms="3639" started-at="2017-10-12T10:34:01Z" finished-at="2017-10-12T10:34:05Z">
          <params>
            <param index="0">
              <value>
                <![CDATA[chrome]]>
              </value>
            </param>
          </params>
          <reporter-output>
          </reporter-output>
        </test-method> <!-- setUp -->
        <test-method status="PASS" signature="openHomePage()[pri:0, instance:main.Test2@6e1ec318]" name="openHomePage" is-config="true" duration-ms="0" started-at="2017-10-12T10:34:05Z" finished-at="2017-10-12T10:34:05Z">
          <reporter-output>
          </reporter-output>
        </test-method> <!-- openHomePage -->
        <test-method status="PASS" signature="searchTest()[pri:0, instance:main.Test2@6e1ec318]" name="searchTest" duration-ms="20193" started-at="2017-10-12T10:34:05Z" finished-at="2017-10-12T10:34:25Z">
          <reporter-output>
          </reporter-output>
        </test-method> <!-- searchTest -->
        <test-method status="PASS" signature="tearDown()[pri:0, instance:main.Test2@6e1ec318]" name="tearDown" is-config="true" duration-ms="556" started-at="2017-10-12T10:34:25Z" finished-at="2017-10-12T10:34:25Z">
          <reporter-output>
          </reporter-output>
        </test-method> <!-- tearDown -->
      </class> <!-- main.Test2 -->
    </test> <!-- Test -->
  </suite> <!-- Suite -->
</testng-results>
